0 info it worked if it ends with ok
1 verbose cli [ '/Users/todale/.nvm/versions/node/v6.9.2/bin/node',
1 verbose cli   '/Users/todale/.nvm/versions/node/v6.9.2/bin/npm',
1 verbose cli   'run',
1 verbose cli   'prepublish' ]
2 info using npm@3.10.9
3 info using node@v6.9.2
4 verbose run-script [ 'prepublish' ]
5 info lifecycle @glimmer/component@0.6.0~prepublish: @glimmer/component@0.6.0
6 verbose lifecycle @glimmer/component@0.6.0~prepublish: unsafe-perm in lifecycle true
7 verbose lifecycle @glimmer/component@0.6.0~prepublish: PATH: /Users/todale/.nvm/versions/node/v6.9.2/lib/node_modules/npm/bin/node-gyp-bin:/Users/todale/Code/glimmer.js/packages/@glimmer/component/node_modules/.bin:/Users/todale/Code/glimmer.js/packages/@glimmer/component/node_modules/.bin:/Users/todale/Code/glimmer.js/packages/@glimmer/node_modules/.bin:/Users/todale/Code/glimmer.js/packages/node_modules/.bin:/Users/todale/Code/glimmer.js/node_modules/.bin:/Users/todale/Code/node_modules/.bin:/Users/todale/node_modules/.bin:/Users/node_modules/.bin:/node_modules/.bin:/Users/todale/.nvm/versions/node/v6.9.2/bin:/Users/todale/.nvm/versions/node/v6.9.2/bin:/Users/todale/Code/depot_tools:/usr/local/heroku/bin:/Applications/Postgres93.app/Contents/MacOS/bin:/usr/local/rvm/gems/ruby-2.2.2/bin:/usr/local/rvm/gems/ruby-2.2.2@global/bin:/usr/local/rvm/rubies/ruby-2.2.2/bin:/usr/local/bin:/usr/bin:/bin:/usr/sbin:/sbin:/usr/local/MacGPG2/bin:/usr/local/rvm/bin:/usr/local/rvm/bin:/Users/todale/.cargo/bin:/usr/local/bin:/usr/bin:/bin:/usr/sbin:/sbin:/usr/local/linkedin/bin:/export/content/linkedin/bin:/Users/todale/.rvm/bin
8 verbose lifecycle @glimmer/component@0.6.0~prepublish: CWD: /Users/todale/Code/glimmer.js/packages/@glimmer/component
9 silly lifecycle @glimmer/component@0.6.0~prepublish: Args: [ '-c', 'npm run build' ]
10 silly lifecycle @glimmer/component@0.6.0~prepublish: Returned: code: 1  signal: null
11 info lifecycle @glimmer/component@0.6.0~prepublish: Failed to exec prepublish script
12 verbose stack Error: @glimmer/component@0.6.0 prepublish: `npm run build`
12 verbose stack Exit status 1
12 verbose stack     at EventEmitter.<anonymous> (/Users/todale/.nvm/versions/node/v6.9.2/lib/node_modules/npm/lib/utils/lifecycle.js:255:16)
12 verbose stack     at emitTwo (events.js:106:13)
12 verbose stack     at EventEmitter.emit (events.js:191:7)
12 verbose stack     at ChildProcess.<anonymous> (/Users/todale/.nvm/versions/node/v6.9.2/lib/node_modules/npm/lib/utils/spawn.js:40:14)
12 verbose stack     at emitTwo (events.js:106:13)
12 verbose stack     at ChildProcess.emit (events.js:191:7)
12 verbose stack     at maybeClose (internal/child_process.js:877:16)
12 verbose stack     at Process.ChildProcess._handle.onexit (internal/child_process.js:226:5)
13 verbose pkgid @glimmer/component@0.6.0
14 verbose cwd /Users/todale/Code/glimmer.js/packages/@glimmer/component
15 error Darwin 16.7.0
16 error argv "/Users/todale/.nvm/versions/node/v6.9.2/bin/node" "/Users/todale/.nvm/versions/node/v6.9.2/bin/npm" "run" "prepublish"
17 error node v6.9.2
18 error npm  v3.10.9
19 error code ELIFECYCLE
20 error @glimmer/component@0.6.0 prepublish: `npm run build`
20 error Exit status 1
21 error Failed at the @glimmer/component@0.6.0 prepublish script 'npm run build'.
21 error Make sure you have the latest version of node.js and npm installed.
21 error If you do, this is most likely a problem with the @glimmer/component package,
21 error not with npm itself.
21 error Tell the author that this fails on your system:
21 error     npm run build
21 error You can get information on how to open an issue for this project with:
21 error     npm bugs @glimmer/component
21 error Or if that isn't available, you can get their info via:
21 error     npm owner ls @glimmer/component
21 error There is likely additional logging output above.
22 verbose exit [ 1, true ]
